2024-11-29 10:38:52.308  INFO 22940 --- [main] c.m.frontend.FrontendApplication         : Starting FrontendApplication using Java 17.0.12 on Noel-Laptop with PID 22940 (C:\Users\noelj\Desktop\test\archi_service_3\frontend\target\classes started by noelj in C:\Users\noelj\Desktop\test\archi_service_3\frontend)
2024-11-29 10:38:52.318 DEBUG 22940 --- [main] c.m.frontend.FrontendApplication         : Running with Spring Boot v2.7.5, Spring v5.3.23
2024-11-29 10:38:52.319  INFO 22940 --- [main] c.m.frontend.FrontendApplication         : No active profile set, falling back to 1 default profile: "default"
2024-11-29 10:38:53.221  INFO 22940 --- [main] o.s.b.w.embedded.tomcat.TomcatWebServer  : Tomcat initialized with port(s): 8080 (http)
2024-11-29 10:38:53.232  INFO 22940 --- [main] o.apache.catalina.core.StandardService   : Starting service [Tomcat]
2024-11-29 10:38:53.233  INFO 22940 --- [main] org.apache.catalina.core.StandardEngine  : Starting Servlet engine: [Apache Tomcat/9.0.68]
2024-11-29 10:38:53.336  INFO 22940 --- [main] o.a.c.c.C.[Tomcat].[localhost].[/]       : Initializing Spring embedded WebApplicationContext
2024-11-29 10:38:53.336  INFO 22940 --- [main] w.s.c.ServletWebServerApplicationContext : Root WebApplicationContext: initialization completed in 975 ms
2024-11-29 10:38:53.525  INFO 22940 --- [main] o.s.b.a.w.s.WelcomePageHandlerMapping    : Adding welcome page template: index
2024-11-29 10:38:53.662  INFO 22940 --- [main] o.s.b.w.embedded.tomcat.TomcatWebServer  : Tomcat started on port(s): 8080 (http) with context path ''
2024-11-29 10:38:53.669  INFO 22940 --- [main] c.m.frontend.FrontendApplication         : Started FrontendApplication in 1.704 seconds (JVM running for 2.002)
2024-11-29 10:38:56.012  INFO 22940 --- [http-nio-8080-exec-1] o.a.c.c.C.[Tomcat].[localhost].[/]       : Initializing Spring DispatcherServlet 'dispatcherServlet'
2024-11-29 10:38:56.013  INFO 22940 --- [http-nio-8080-exec-1] o.s.web.servlet.DispatcherServlet        : Initializing Servlet 'dispatcherServlet'
2024-11-29 10:38:56.014  INFO 22940 --- [http-nio-8080-exec-1] o.s.web.servlet.DispatcherServlet        : Completed initialization in 1 ms
2024-11-29 11:02:11.010  INFO 24400 --- [main] c.m.frontend.FrontendApplication         : Starting FrontendApplication using Java 17.0.12 on Noel-Laptop with PID 24400 (C:\Users\noelj\Desktop\test\archi_service_3\frontend\target\classes started by noelj in C:\Users\noelj\Desktop\test\archi_service_3\frontend)
2024-11-29 11:02:11.013 DEBUG 24400 --- [main] c.m.frontend.FrontendApplication         : Running with Spring Boot v2.7.5, Spring v5.3.23
2024-11-29 11:02:11.014  INFO 24400 --- [main] c.m.frontend.FrontendApplication         : No active profile set, falling back to 1 default profile: "default"
2024-11-29 11:02:11.690  INFO 24400 --- [main] o.s.b.w.embedded.tomcat.TomcatWebServer  : Tomcat initialized with port(s): 8080 (http)
2024-11-29 11:02:11.704  INFO 24400 --- [main] o.apache.catalina.core.StandardService   : Starting service [Tomcat]
2024-11-29 11:02:11.705  INFO 24400 --- [main] org.apache.catalina.core.StandardEngine  : Starting Servlet engine: [Apache Tomcat/9.0.68]
2024-11-29 11:02:11.786  INFO 24400 --- [main] o.a.c.c.C.[Tomcat].[localhost].[/]       : Initializing Spring embedded WebApplicationContext
2024-11-29 11:02:11.787  INFO 24400 --- [main] w.s.c.ServletWebServerApplicationContext : Root WebApplicationContext: initialization completed in 730 ms
2024-11-29 11:02:12.001  INFO 24400 --- [main] o.s.b.a.w.s.WelcomePageHandlerMapping    : Adding welcome page template: index
2024-11-29 11:02:12.176  INFO 24400 --- [main] o.s.b.w.embedded.tomcat.TomcatWebServer  : Tomcat started on port(s): 8080 (http) with context path ''
2024-11-29 11:02:12.182  INFO 24400 --- [main] c.m.frontend.FrontendApplication         : Started FrontendApplication in 1.472 seconds (JVM running for 1.703)
2024-11-29 11:02:13.757  INFO 24400 --- [http-nio-8080-exec-1] o.a.c.c.C.[Tomcat].[localhost].[/]       : Initializing Spring DispatcherServlet 'dispatcherServlet'
2024-11-29 11:02:13.757  INFO 24400 --- [http-nio-8080-exec-1] o.s.web.servlet.DispatcherServlet        : Initializing Servlet 'dispatcherServlet'
2024-11-29 11:02:13.758  INFO 24400 --- [http-nio-8080-exec-1] o.s.web.servlet.DispatcherServlet        : Completed initialization in 1 ms
2024-11-29 11:06:08.505  INFO 23092 --- [main] c.m.frontend.FrontendApplication         : Starting FrontendApplication using Java 17.0.12 on Noel-Laptop with PID 23092 (C:\Users\noelj\Desktop\test\archi_service_3\frontend\target\classes started by noelj in C:\Users\noelj\Desktop\test\archi_service_3\frontend)
2024-11-29 11:06:08.506 DEBUG 23092 --- [main] c.m.frontend.FrontendApplication         : Running with Spring Boot v2.7.5, Spring v5.3.23
2024-11-29 11:06:08.507  INFO 23092 --- [main] c.m.frontend.FrontendApplication         : No active profile set, falling back to 1 default profile: "default"
2024-11-29 11:06:09.102  INFO 23092 --- [main] o.s.b.w.embedded.tomcat.TomcatWebServer  : Tomcat initialized with port(s): 8080 (http)
2024-11-29 11:06:09.109  INFO 23092 --- [main] o.apache.catalina.core.StandardService   : Starting service [Tomcat]
2024-11-29 11:06:09.110  INFO 23092 --- [main] org.apache.catalina.core.StandardEngine  : Starting Servlet engine: [Apache Tomcat/9.0.68]
2024-11-29 11:06:09.175  INFO 23092 --- [main] o.a.c.c.C.[Tomcat].[localhost].[/]       : Initializing Spring embedded WebApplicationContext
2024-11-29 11:06:09.176  INFO 23092 --- [main] w.s.c.ServletWebServerApplicationContext : Root WebApplicationContext: initialization completed in 635 ms
2024-11-29 11:06:09.293  INFO 23092 --- [main] o.s.b.a.w.s.WelcomePageHandlerMapping    : Adding welcome page template: index
2024-11-29 11:06:09.379  INFO 23092 --- [main] o.s.b.w.embedded.tomcat.TomcatWebServer  : Tomcat started on port(s): 8080 (http) with context path ''
2024-11-29 11:06:09.386  INFO 23092 --- [main] c.m.frontend.FrontendApplication         : Started FrontendApplication in 1.139 seconds (JVM running for 1.403)
2024-11-29 11:06:12.852  INFO 23092 --- [http-nio-8080-exec-1] o.a.c.c.C.[Tomcat].[localhost].[/]       : Initializing Spring DispatcherServlet 'dispatcherServlet'
2024-11-29 11:06:12.853  INFO 23092 --- [http-nio-8080-exec-1] o.s.web.servlet.DispatcherServlet        : Initializing Servlet 'dispatcherServlet'
2024-11-29 11:06:12.854  INFO 23092 --- [http-nio-8080-exec-1] o.s.web.servlet.DispatcherServlet        : Completed initialization in 1 ms
2024-11-29 11:35:59.053  INFO 26856 --- [main] c.m.frontend.FrontendApplication         : Starting FrontendApplication using Java 17.0.12 on Noel-Laptop with PID 26856 (C:\Users\noelj\Desktop\test\archi_service_3\frontend\target\classes started by noelj in C:\Users\noelj\Desktop\test\archi_service_3\frontend)
2024-11-29 11:35:59.056 DEBUG 26856 --- [main] c.m.frontend.FrontendApplication         : Running with Spring Boot v2.7.5, Spring v5.3.23
2024-11-29 11:35:59.056  INFO 26856 --- [main] c.m.frontend.FrontendApplication         : No active profile set, falling back to 1 default profile: "default"
2024-11-29 11:35:59.702  INFO 26856 --- [main] o.s.b.w.embedded.tomcat.TomcatWebServer  : Tomcat initialized with port(s): 8080 (http)
2024-11-29 11:35:59.710  INFO 26856 --- [main] o.apache.catalina.core.StandardService   : Starting service [Tomcat]
2024-11-29 11:35:59.711  INFO 26856 --- [main] org.apache.catalina.core.StandardEngine  : Starting Servlet engine: [Apache Tomcat/9.0.68]
2024-11-29 11:35:59.790  INFO 26856 --- [main] o.a.c.c.C.[Tomcat].[localhost].[/]       : Initializing Spring embedded WebApplicationContext
2024-11-29 11:35:59.791  INFO 26856 --- [main] w.s.c.ServletWebServerApplicationContext : Root WebApplicationContext: initialization completed in 698 ms
2024-11-29 11:35:59.924  INFO 26856 --- [main] o.s.b.a.w.s.WelcomePageHandlerMapping    : Adding welcome page template: index
2024-11-29 11:36:00.025  INFO 26856 --- [main] o.s.b.w.embedded.tomcat.TomcatWebServer  : Tomcat started on port(s): 8080 (http) with context path ''
2024-11-29 11:36:00.031  INFO 26856 --- [main] c.m.frontend.FrontendApplication         : Started FrontendApplication in 1.296 seconds (JVM running for 1.6)
2024-11-29 11:36:00.081  INFO 26856 --- [http-nio-8080-exec-1] o.a.c.c.C.[Tomcat].[localhost].[/]       : Initializing Spring DispatcherServlet 'dispatcherServlet'
2024-11-29 11:36:00.081  INFO 26856 --- [http-nio-8080-exec-1] o.s.web.servlet.DispatcherServlet        : Initializing Servlet 'dispatcherServlet'
2024-11-29 11:36:00.082  INFO 26856 --- [http-nio-8080-exec-1] o.s.web.servlet.DispatcherServlet        : Completed initialization in 0 ms
2024-11-29 18:30:07.665  INFO 12644 --- [main] c.m.frontend.FrontendApplication         : Starting FrontendApplication using Java 17.0.12 on Noel-Laptop with PID 12644 (C:\Users\noelj\Desktop\test\archi_service_3\frontend\target\classes started by noelj in C:\Users\noelj\Desktop\test\archi_service_3\frontend)
2024-11-29 18:30:07.667 DEBUG 12644 --- [main] c.m.frontend.FrontendApplication         : Running with Spring Boot v2.7.5, Spring v5.3.23
2024-11-29 18:30:07.668  INFO 12644 --- [main] c.m.frontend.FrontendApplication         : No active profile set, falling back to 1 default profile: "default"
2024-11-29 18:30:08.320  INFO 12644 --- [main] o.s.b.w.embedded.tomcat.TomcatWebServer  : Tomcat initialized with port(s): 8080 (http)
2024-11-29 18:30:08.328  INFO 12644 --- [main] o.apache.catalina.core.StandardService   : Starting service [Tomcat]
2024-11-29 18:30:08.329  INFO 12644 --- [main] org.apache.catalina.core.StandardEngine  : Starting Servlet engine: [Apache Tomcat/9.0.68]
2024-11-29 18:30:08.392  INFO 12644 --- [main] o.a.c.c.C.[Tomcat].[localhost].[/]       : Initializing Spring embedded WebApplicationContext
2024-11-29 18:30:08.394  INFO 12644 --- [main] w.s.c.ServletWebServerApplicationContext : Root WebApplicationContext: initialization completed in 688 ms
2024-11-29 18:30:08.519  INFO 12644 --- [main] o.s.b.a.w.s.WelcomePageHandlerMapping    : Adding welcome page template: index
2024-11-29 18:30:08.640  INFO 12644 --- [main] o.s.b.w.embedded.tomcat.TomcatWebServer  : Tomcat started on port(s): 8080 (http) with context path ''
2024-11-29 18:30:08.648  INFO 12644 --- [main] c.m.frontend.FrontendApplication         : Started FrontendApplication in 1.276 seconds (JVM running for 1.555)
2024-11-29 18:30:15.941  INFO 12644 --- [http-nio-8080-exec-1] o.a.c.c.C.[Tomcat].[localhost].[/]       : Initializing Spring DispatcherServlet 'dispatcherServlet'
2024-11-29 18:30:15.941  INFO 12644 --- [http-nio-8080-exec-1] o.s.web.servlet.DispatcherServlet        : Initializing Servlet 'dispatcherServlet'
2024-11-29 18:30:15.942  INFO 12644 --- [http-nio-8080-exec-1] o.s.web.servlet.DispatcherServlet        : Completed initialization in 1 ms
